<?xml version="1.0" encoding="UTF-8"?>
<testsuite name="OutBreakTest" tests="1" skipped="0" failures="0" errors="0" timestamp="2021-06-19T22:13:47" hostname="DESKTOP-1RJJHO8" time="0.014">
  <properties/>
  <testcase name="checkNbyM2DArrayFromMiddle()" classname="OutBreakTest" time="0.014"/>
  <system-out><![CDATA[]]></system-out>
  <system-err><![CDATA[]]></system-err>
</testsuite>
